# JRE version: OpenJDK Runtime Environment (23.0.1+11) (build 23.0.1+11-39)
# Java VM: OpenJDK 64-Bit Server VM (23.0.1+11-39, mixed mode, emulated-client, sharing, tiered, compressed oops, compressed class ptrs, g1 gc, windows-amd64)
GC Precious Log:
 CardTable entry size: 512
 Card Set container configuration: InlinePtr #cards 5 size 8 Array Of Cards #cards 10 size 36 Howl #buckets 4 coarsen threshold 1843 Howl Bitmap #cards 512 size 80 coarsen threshold 460 Card regions per heap region 1 cards per card region 2048
 CPUs: 4 total, 4 available
 Memory: 8101M
 Large Page Support: Disabled
 NUMA Support: Disabled
 Compressed Oops: Enabled (32-bit)
 Heap Region Size: 1M
 Heap Min Capacity: 8M
 Heap Initial Capacity: 128M
 Heap Max Capacity: 2026M
 Pre-touch: Disabled
 Parallel Workers: 4
 Concurrent Workers: 1
 Concurrent Refinement Workers: 4
 Periodic GC: Disabled
Heap:
 garbage-first heap   total reserved 2074624K, committed 78848K, used 23132K [0x0000000081600000, 0x0000000100000000)
  region size 1024K, 2 young (2048K), 1 survivors (1024K)
 Metaspace       used 45216K, committed 46144K, reserved 1114112K
  class space    used 6602K, committed 6976K, reserved 1048576K
GC Heap History (20 events):
Event: 83387.242 GC heap before
{Heap before GC invocations=165 (full 0):
 garbage-first heap   total reserved 2074624K, committed 78848K, used 46378K [0x0000000081600000, 0x0000000100000000)
  region size 1024K, 24 young (24576K), 1 survivors (1024K)
 Metaspace       used 45235K, committed 46144K, reserved 1114112K
  class space    used 6608K, committed 6976K, reserved 1048576K
}
Event: 83388.806 GC heap after
{Heap after GC invocations=166 (full 0):
 garbage-first heap   total reserved 2074624K, committed 78848K, used 23084K [0x0000000081600000, 0x0000000100000000)
  region size 1024K, 1 young (1024K), 1 survivors (1024K)
 Metaspace       used 45235K, committed 46144K, reserved 1114112K
  class space    used 6608K, committed 6976K, reserved 1048576K
}
Event: 83621.874 GC heap before
{Heap before GC invocations=167 (full 0):
 garbage-first heap   total reserved 2074624K, committed 78848K, used 25132K [0x0000000081600000, 0x0000000100000000)
  region size 1024K, 3 young (3072K), 1 survivors (1024K)
 Metaspace       used 45207K, committed 46144K, reserved 1114112K
  class space    used 6600K, committed 6976K, reserved 1048576K
}
Event: 83622.262 GC heap after
{Heap after GC invocations=168 (full 0):
 garbage-first heap   total reserved 2074624K, committed 78848K, used 23056K [0x0000000081600000, 0x0000000100000000)
  region size 1024K, 1 young (1024K), 1 survivors (1024K)
 Metaspace       used 45207K, committed 46144K, reserved 1114112K
  class space    used 6600K, committed 6976K, reserved 1048576K
}
Event: 83833.104 GC heap before
{Heap before GC invocations=168 (full 0):
 garbage-first heap   total reserved 2074624K, committed 78848K, used 25104K [0x0000000081600000, 0x0000000100000000)
  region size 1024K, 3 young (3072K), 1 survivors (1024K)
 Metaspace       used 45207K, committed 46144K, reserved 1114112K
  class space    used 6600K, committed 6976K, reserved 1048576K
}
Event: 83833.316 GC heap after
{Heap after GC invocations=169 (full 0):
 garbage-first heap   total reserved 2074624K, committed 78848K, used 22703K [0x0000000081600000, 0x0000000100000000)
  region size 1024K, 1 young (1024K), 1 survivors (1024K)
 Metaspace       used 45207K, committed 46144K, reserved 1114112K
  class space    used 6600K, committed 6976K, reserved 1048576K
}
Event: 84163.680 GC heap before
{Heap before GC invocations=169 (full 0):
 garbage-first heap   total reserved 2074624K, committed 78848K, used 24751K [0x0000000081600000, 0x0000000100000000)
  region size 1024K, 3 young (3072K), 1 survivors (1024K)
 Metaspace       used 45207K, committed 46144K, reserved 1114112K
  class space    used 6600K, committed 6976K, reserved 1048576K
}
Event: 84163.794 GC heap after
{Heap after GC invocations=170 (full 0):
 garbage-first heap   total reserved 2074624K, committed 78848K, used 22721K [0x0000000081600000, 0x0000000100000000)
  region size 1024K, 1 young (1024K), 1 survivors (1024K)
 Metaspace       used 45207K, committed 46144K, reserved 1114112K
  class space    used 6600K, committed 6976K, reserved 1048576K
}
Event: 84494.423 GC heap before
{Heap before GC invocations=171 (full 0):
 garbage-first heap   total reserved 2074624K, committed 78848K, used 24769K [0x0000000081600000, 0x0000000100000000)
  region size 1024K, 3 young (3072K), 1 survivors (1024K)
 Metaspace       used 45212K, committed 46144K, reserved 1114112K
  class space    used 6601K, committed 6976K, reserved 1048576K
}
Event: 84494.443 GC heap after
{Heap after GC invocations=172 (full 0):
 garbage-first heap   total reserved 2074624K, committed 78848K, used 22720K [0x0000000081600000, 0x0000000100000000)
  region size 1024K, 1 young (1024K), 1 survivors (1024K)
 Metaspace       used 45212K, committed 46144K, reserved 1114112K
  class space    used 6601K, committed 6976K, reserved 1048576K
}
Event: 84531.155 GC heap before
{Heap before GC invocations=172 (full 0):
 garbage-first heap   total reserved 2074624K, committed 78848K, used 24768K [0x0000000081600000, 0x0000000100000000)
  region size 1024K, 3 young (3072K), 1 survivors (1024K)
 Metaspace       used 45225K, committed 46144K, reserved 1114112K
  class space    used 6605K, committed 6976K, reserved 1048576K
}
Event: 84531.328 GC heap after
{Heap after GC invocations=173 (full 0):
 garbage-first heap   total reserved 2074624K, committed 78848K, used 22821K [0x0000000081600000, 0x0000000100000000)
  region size 1024K, 1 young (1024K), 1 survivors (1024K)
 Metaspace       used 45225K, committed 46144K, reserved 1114112K
  class space    used 6605K, committed 6976K, reserved 1048576K
}
Event: 85007.674 GC heap before
{Heap before GC invocations=173 (full 0):
 garbage-first heap   total reserved 2074624K, committed 78848K, used 25893K [0x0000000081600000, 0x0000000100000000)
  region size 1024K, 4 young (4096K), 1 survivors (1024K)
 Metaspace       used 45225K, committed 46144K, reserved 1114112K
  class space    used 6605K, committed 6976K, reserved 1048576K
}
Event: 85007.755 GC heap after
{Heap after GC invocations=174 (full 0):
 garbage-first heap   total reserved 2074624K, committed 78848K, used 22871K [0x0000000081600000, 0x0000000100000000)
  region size 1024K, 1 young (1024K), 1 survivors (1024K)
 Metaspace       used 45225K, committed 46144K, reserved 1114112K
  class space    used 6605K, committed 6976K, reserved 1048576K
}
Event: 85125.925 GC heap before
{Heap before GC invocations=175 (full 0):
 garbage-first heap   total reserved 2074624K, committed 78848K, used 24919K [0x0000000081600000, 0x0000000100000000)
  region size 1024K, 3 young (3072K), 1 survivors (1024K)
 Metaspace       used 45212K, committed 46144K, reserved 1114112K
  class space    used 6601K, committed 6976K, reserved 1048576K
}
Event: 85126.040 GC heap after
{Heap after GC invocations=176 (full 0):
 garbage-first heap   total reserved 2074624K, committed 78848K, used 22989K [0x0000000081600000, 0x0000000100000000)
  region size 1024K, 1 young (1024K), 1 survivors (1024K)
 Metaspace       used 45212K, committed 46144K, reserved 1114112K
  class space    used 6601K, committed 6976K, reserved 1048576K
}
Event: 85456.375 GC heap before
{Heap before GC invocations=176 (full 0):
 garbage-first heap   total reserved 2074624K, committed 78848K, used 25037K [0x0000000081600000, 0x0000000100000000)
  region size 1024K, 3 young (3072K), 1 survivors (1024K)
 Metaspace       used 45212K, committed 46144K, reserved 1114112K
  class space    used 6601K, committed 6976K, reserved 1048576K
}
Event: 85456.484 GC heap after
{Heap after GC invocations=177 (full 0):
 garbage-first heap   total reserved 2074624K, committed 78848K, used 22717K [0x0000000081600000, 0x0000000100000000)
  region size 1024K, 1 young (1024K), 1 survivors (1024K)
 Metaspace       used 45212K, committed 46144K, reserved 1114112K
  class space    used 6601K, committed 6976K, reserved 1048576K
}
Event: 97285.578 GC heap before
{Heap before GC invocations=177 (full 0):
 garbage-first heap   total reserved 2074624K, committed 78848K, used 37053K [0x0000000081600000, 0x0000000100000000)
  region size 1024K, 15 young (15360K), 1 survivors (1024K)
 Metaspace       used 45216K, committed 46144K, reserved 1114112K
  class space    used 6602K, committed 6976K, reserved 1048576K
}
Event: 97286.618 GC heap after
{Heap after GC invocations=178 (full 0):
 garbage-first heap   total reserved 2074624K, committed 78848K, used 23132K [0x0000000081600000, 0x0000000100000000)
  region size 1024K, 1 young (1024K), 1 survivors (1024K)
 Metaspace       used 45216K, committed 46144K, reserved 1114112K
  class space    used 6602K, committed 6976K, reserved 1048576K
}

